#
# There is insufficient memory for the Java Runtime Environment to continue.
# Native memory allocation (malloc) failed to allocate 706416 bytes for Chunk::new
# Possible reasons:
#   The system is out of physical RAM or swap space
#   In 32 bit mode, the process size limit was hit
# Possible solutions:
#   Reduce memory load on the system
#   Increase physical memory or swap space
#   Check if swap backing store is full
#   Use 64 bit Java on a 64 bit OS
#   Decrease Java heap size (-Xmx/-Xms)
#   Decrease number of Java threads
#   Decrease Java thread stack sizes (-Xss)
#   Set larger code cache with -XX:ReservedCodeCacheSize=
# This output file may be truncated or incomplete.
#
#  Out of Memory Error (allocation.cpp:390), pid=20244, tid=0x0000000000001310
#
# JRE version: Java(TM) SE Runtime Environment (8.0_181-b13) (build 1.8.0_181-b13)
# Java VM: Java HotSpot(TM) 64-Bit Server VM (25.181-b13 mixed mode windows-amd64 compressed oops)
# Failed to write core dump. Minidumps are not enabled by default on client versions of Windows
#

---------------  T H R E A D  ---------------

Current thread (0x000000001a611800):  JavaThread "C2 CompilerThread0" daemon [_thread_in_native, id=4880, stack(0x000000001ad00000,0x000000001ae00000)]

Stack: [0x000000001ad00000,0x000000001ae00000]
[error occurred during error reporting (printing stack bounds), id 0xc0000005]

Native frames: (J=compiled Java code, j=interpreted, Vv=VM code, C=native code)


Current CompileTask:
C2:   2310 1869       4       java.net.URLClassLoader$1::run (5 bytes)


---------------  P R O C E S S  ---------------

Java Threads: ( => current thread )
  0x000000001b64f800 JavaThread "background-preinit" [_thread_in_Java, id=1192, stack(0x000000001c420000,0x000000001c520000)]
  0x000000001a732000 JavaThread "Service Thread" daemon [_thread_blocked, id=12444, stack(0x000000001b100000,0x000000001b200000)]
  0x000000001a685000 JavaThread "C1 CompilerThread3" daemon [_thread_blocked, id=17136, stack(0x000000001b000000,0x000000001b100000)]
  0x000000001a614800 JavaThread "C2 CompilerThread2" daemon [_thread_in_native, id=7748, stack(0x000000001af00000,0x000000001b000000)]
  0x000000001a682000 JavaThread "C2 CompilerThread1" daemon [_thread_blocked, id=8596, stack(0x000000001ae00000,0x000000001af00000)]
=>0x000000001a611800 JavaThread "C2 CompilerThread0" daemon [_thread_in_native, id=4880, stack(0x000000001ad00000,0x000000001ae00000)]
  0x000000001a5ab800 JavaThread "Monitor Ctrl-Break" daemon [_thread_in_native, id=18352, stack(0x000000001ac00000,0x000000001ad00000)]
  0x0000000019c2b000 JavaThread "Attach Listener" daemon [_thread_blocked, id=13748, stack(0x000000001a300000,0x000000001a400000)]
  0x0000000019c2a000 JavaThread "Signal Dispatcher" daemon [_thread_blocked, id=19684, stack(0x000000001a200000,0x000000001a300000)]
  0x0000000019c10800 JavaThread "Finalizer" daemon [_thread_blocked, id=17560, stack(0x0000000019ff0000,0x000000001a0f0000)]
  0x0000000017cef000 JavaThread "Reference Handler" daemon [_thread_blocked, id=9680, stack(0x0000000019af0000,0x0000000019bf0000)]
  0x0000000002acb000 JavaThread "main" [_thread_in_Java, id=12940, stack(0x00000000028c0000,0x00000000029c0000)]

Other Threads:
  0x0000000017ce7800 VMThread [stack: 0x00000000199f0000,0x0000000019af0000] [id=19108]
  0x000000001a6be800 WatcherThread [stack: 0x000000001b200000,0x000000001b300000] [id=16772]

VM state:not at safepoint (normal execution)

VM Mutex/Monitor currently owned by a thread: None

Heap:
 PSYoungGen      total 141824K, used 78756K [0x00000000d5d00000, 0x00000000df000000, 0x0000000100000000)
  eden space 133120K, 55% used [0x00000000d5d00000,0x00000000da4ca038,0x00000000ddf00000)
  from space 8704K, 60% used [0x00000000ddf00000,0x00000000de41f180,0x00000000de780000)
  to   space 8704K, 0% used [0x00000000de780000,0x00000000de780000,0x00000000df000000)
 ParOldGen       total 48640K, used 5040K [0x0000000081600000, 0x0000000084580000, 0x00000000d5d00000)
  object space 48640K, 10% used [0x0000000081600000,0x0000000081aec2a8,0x0000000084580000)
 Metaspace       used 27213K, capacity 27986K, committed 28284K, reserved 1073152K
  class space    used 3424K, capacity 3641K, committed 3708K, reserved 1048576K

Card table byte_map: [0x0000000012100000,0x0000000012500000] byte_map_base: 0x0000000011cf5000

Marking Bits: (ParMarkBitMap*) 0x0000000052be2d00
 Begin Bits: [0x0000000012fb0000, 0x0000000014f58000)
 End Bits:   [0x0000000014f58000, 0x0000000016f00000)

Polling page: 0x0000000001100000

CodeCache: size=245760Kb used=7485Kb max_used=7491Kb free=238274Kb
 bounds [0x0000000002d40000, 0x00000000034a0000, 0x0000000011d40000]
 total_blobs=2672 nmethods=2265 adapters=319
 compilation: enabled

Compilation events (10 events):
Event: 2.300 Thread 0x000000001a685000 nmethod 2262 0x00000000034905d0 code [0x0000000003490720, 0x0000000003490930]
Event: 2.300 Thread 0x000000001a685000 2263       3       org.springframework.boot.autoconfigure.condition.ConditionMessage$ItemsBuilder::items (133 bytes)
Event: 2.300 Thread 0x000000001a682000 nmethod 2264 0x0000000003428390 code [0x00000000034284c0, 0x0000000003428558]
Event: 2.301 Thread 0x000000001a682000 2266       4       java.util.HashMap::<init> (98 bytes)
Event: 2.303 Thread 0x000000001a685000 nmethod 2263 0x00000000034939d0 code [0x0000000003493ce0, 0x0000000003495598]
Event: 2.303 Thread 0x000000001a682000 nmethod 2266 0x000000000348e910 code [0x000000000348ea60, 0x000000000348ebf8]
Event: 2.303 Thread 0x000000001a685000 2267       3       org.springframework.core.annotation.TypeMappedAnnotations::get (52 bytes)
Event: 2.303 Thread 0x000000001a685000 nmethod 2267 0x0000000003492f50 code [0x0000000003493120, 0x0000000003493788]
Event: 2.303 Thread 0x000000001a685000 2265       3       java.lang.reflect.AccessibleObject::setAccessible0 (42 bytes)
Event: 2.304 Thread 0x000000001a685000 nmethod 2265 0x0000000003492750 code [0x00000000034928e0, 0x0000000003492e08]

GC Heap History (10 events):
Event: 1.331 GC heap before
{Heap before GC invocations=4 (full 0):
 PSYoungGen      total 38400K, used 38369K [0x00000000d5d00000, 0x00000000da800000, 0x0000000100000000)
  eden space 33280K, 100% used [0x00000000d5d00000,0x00000000d7d80000,0x00000000d7d80000)
  from space 5120K, 99% used [0x00000000d7d80000,0x00000000d82786f0,0x00000000d8280000)
  to   space 5120K, 0% used [0x00000000da300000,0x00000000da300000,0x00000000da800000)
 ParOldGen       total 87552K, used 1973K [0x0000000081600000, 0x0000000086b80000, 0x00000000d5d00000)
  object space 87552K, 2% used [0x0000000081600000,0x00000000817ed4c8,0x0000000086b80000)
 Metaspace       used 20130K, capacity 20714K, committed 20992K, reserved 1067008K
  class space    used 2587K, capacity 2737K, committed 2816K, reserved 1048576K
Event: 1.339 GC heap after
Heap after GC invocations=4 (full 0):
 PSYoungGen      total 71680K, used 5116K [0x00000000d5d00000, 0x00000000da800000, 0x0000000100000000)
  eden space 66560K, 0% used [0x00000000d5d00000,0x00000000d5d00000,0x00000000d9e00000)
  from space 5120K, 99% used [0x00000000da300000,0x00000000da7ff1e8,0x00000000da800000)
  to   space 5120K, 0% used [0x00000000d9e00000,0x00000000d9e00000,0x00000000da300000)
 ParOldGen       total 87552K, used 5265K [0x0000000081600000, 0x0000000086b80000, 0x00000000d5d00000)
  object space 87552K, 6% used [0x0000000081600000,0x0000000081b24738,0x0000000086b80000)
 Metaspace       used 20130K, capacity 20714K, committed 20992K, reserved 1067008K
  class space    used 2587K, capacity 2737K, committed 2816K, reserved 1048576K
}
Event: 1.376 GC heap before
{Heap before GC invocations=5 (full 0):
 PSYoungGen      total 71680K, used 12557K [0x00000000d5d00000, 0x00000000da800000, 0x0000000100000000)
  eden space 66560K, 11% used [0x00000000d5d00000,0x00000000d6444450,0x00000000d9e00000)
  from space 5120K, 99% used [0x00000000da300000,0x00000000da7ff1e8,0x00000000da800000)
  to   space 5120K, 0% used [0x00000000d9e00000,0x00000000d9e00000,0x00000000da300000)
 ParOldGen       total 87552K, used 5265K [0x0000000081600000, 0x0000000086b80000, 0x00000000d5d00000)
  object space 87552K, 6% used [0x0000000081600000,0x0000000081b24738,0x0000000086b80000)
 Metaspace       used 20615K, capacity 21288K, committed 21552K, reserved 1069056K
  class space    used 2669K, capacity 2838K, committed 2864K, reserved 1048576K
Event: 1.381 GC heap after
Heap after GC invocations=5 (full 0):
 PSYoungGen      total 71680K, used 5088K [0x00000000d5d00000, 0x00000000df000000, 0x0000000100000000)
  eden space 66560K, 0% used [0x00000000d5d00000,0x00000000d5d00000,0x00000000d9e00000)
  from space 5120K, 99% used [0x00000000d9e00000,0x00000000da2f8298,0x00000000da300000)
  to   space 8704K, 0% used [0x00000000de780000,0x00000000de780000,0x00000000df000000)
 ParOldGen       total 87552K, used 5714K [0x0000000081600000, 0x0000000086b80000, 0x00000000d5d00000)
  object space 87552K, 6% used [0x0000000081600000,0x0000000081b948e8,0x0000000086b80000)
 Metaspace       used 20615K, capacity 21288K, committed 21552K, reserved 1069056K
  class space    used 2669K, capacity 2838K, committed 2864K, reserved 1048576K
}
Event: 1.411 GC heap before
{Heap before GC invocations=6 (full 0):
 PSYoungGen      total 71680K, used 9745K [0x00000000d5d00000, 0x00000000df000000, 0x0000000100000000)
  eden space 66560K, 6% used [0x00000000d5d00000,0x00000000d618c2a8,0x00000000d9e00000)
  from space 5120K, 99% used [0x00000000d9e00000,0x00000000da2f8298,0x00000000da300000)
  to   space 8704K, 0% used [0x00000000de780000,0x00000000de780000,0x00000000df000000)
 ParOldGen       total 87552K, used 5714K [0x0000000081600000, 0x0000000086b80000, 0x00000000d5d00000)
  object space 87552K, 6% used [0x0000000081600000,0x0000000081b948e8,0x0000000086b80000)
 Metaspace       used 20879K, capacity 21496K, committed 21628K, reserved 1069056K
  class space    used 2702K, capacity 2894K, committed 2940K, reserved 1048576K
Event: 1.417 GC heap after
Heap after GC invocations=6 (full 0):
 PSYoungGen      total 141824K, used 5212K [0x00000000d5d00000, 0x00000000df000000, 0x0000000100000000)
  eden space 133120K, 0% used [0x00000000d5d00000,0x00000000d5d00000,0x00000000ddf00000)
  from space 8704K, 59% used [0x00000000de780000,0x00000000dec97360,0x00000000df000000)
  to   space 8704K, 0% used [0x00000000ddf00000,0x00000000ddf00000,0x00000000de780000)
 ParOldGen       total 87552K, used 5722K [0x0000000081600000, 0x0000000086b80000, 0x00000000d5d00000)
  object space 87552K, 6% used [0x0000000081600000,0x0000000081b968e8,0x0000000086b80000)
 Metaspace       used 20879K, capacity 21496K, committed 21628K, reserved 1069056K
  class space    used 2702K, capacity 2894K, committed 2940K, reserved 1048576K
}
Event: 1.417 GC heap before
{Heap before GC invocations=7 (full 1):
 PSYoungGen      total 141824K, used 5212K [0x00000000d5d00000, 0x00000000df000000, 0x0000000100000000)
  eden space 133120K, 0% used [0x00000000d5d00000,0x00000000d5d00000,0x00000000ddf00000)
  from space 8704K, 59% used [0x00000000de780000,0x00000000dec97360,0x00000000df000000)
  to   space 8704K, 0% used [0x00000000ddf00000,0x00000000ddf00000,0x00000000de780000)
 ParOldGen       total 87552K, used 5722K [0x0000000081600000, 0x0000000086b80000, 0x00000000d5d00000)
  object space 87552K, 6% used [0x0000000081600000,0x0000000081b968e8,0x0000000086b80000)
 Metaspace       used 20879K, capacity 21496K, committed 21628K, reserved 1069056K
  class space    used 2702K, capacity 2894K, committed 2940K, reserved 1048576K
Event: 1.443 GC heap after
Heap after GC invocations=7 (full 1):
 PSYoungGen      total 141824K, used 0K [0x00000000d5d00000, 0x00000000df000000, 0x0000000100000000)
  eden space 133120K, 0% used [0x00000000d5d00000,0x00000000d5d00000,0x00000000ddf00000)
  from space 8704K, 0% used [0x00000000de780000,0x00000000de780000,0x00000000df000000)
  to   space 8704K, 0% used [0x00000000ddf00000,0x00000000ddf00000,0x00000000de780000)
 ParOldGen       total 48640K, used 5032K [0x0000000081600000, 0x0000000084580000, 0x00000000d5d00000)
  object space 48640K, 10% used [0x0000000081600000,0x0000000081aea2a8,0x0000000084580000)
 Metaspace       used 20877K, capacity 21490K, committed 21628K, reserved 1069056K
  class space    used 2702K, capacity 2893K, committed 2940K, reserved 1048576K
}
Event: 1.770 GC heap before
{Heap before GC invocations=8 (full 1):
 PSYoungGen      total 141824K, used 133120K [0x00000000d5d00000, 0x00000000df000000, 0x0000000100000000)
  eden space 133120K, 100% used [0x00000000d5d00000,0x00000000ddf00000,0x00000000ddf00000)
  from space 8704K, 0% used [0x00000000de780000,0x00000000de780000,0x00000000df000000)
  to   space 8704K, 0% used [0x00000000ddf00000,0x00000000ddf00000,0x00000000de780000)
 ParOldGen       total 48640K, used 5032K [0x0000000081600000, 0x0000000084580000, 0x00000000d5d00000)
  object space 48640K, 10% used [0x0000000081600000,0x0000000081aea2a8,0x0000000084580000)
 Metaspace       used 24277K, capacity 24988K, committed 25340K, reserved 1071104K
  class space    used 3050K, capacity 3260K, committed 3324K, reserved 1048576K
Event: 1.778 GC heap after
Heap after GC invocations=8 (full 1):
 PSYoungGen      total 141824K, used 5244K [0x00000000d5d00000, 0x00000000df000000, 0x0000000100000000)
  eden space 133120K, 0% used [0x00000000d5d00000,0x00000000d5d00000,0x00000000ddf00000)
  from space 8704K, 60% used [0x00000000ddf00000,0x00000000de41f180,0x00000000de780000)
  to   space 8704K, 0% used [0x00000000de780000,0x00000000de780000,0x00000000df000000)
 ParOldGen       total 48640K, used 5040K [0x0000000081600000, 0x0000000084580000, 0x00000000d5d00000)
  object space 48640K, 10% used [0x0000000081600000,0x0000000081aec2a8,0x0000000084580000)
 Metaspace       used 24277K, capacity 24988K, committed 25340K, reserved 1071104K
  class space    used 3050K, capacity 3260K, committed 3324K, reserved 1048576K
}

Deoptimization events (10 events):
Event: 1.053 Thread 0x000000001b64f800 Uncommon trap: reason=unstable_if action=reinterpret pc=0x000000000310464c method=java.util.HashMap.putVal(ILjava/lang/Object;Ljava/lang/Object;ZZ)Ljava/lang/Object; @ 193
Event: 1.093 Thread 0x0000000002acb000 Uncommon trap: reason=class_check action=maybe_recompile pc=0x0000000002f42654 method=java.lang.String.equals(Ljava/lang/Object;)Z @ 8
Event: 1.132 Thread 0x0000000002acb000 Uncommon trap: reason=class_check action=maybe_recompile pc=0x0000000002f42654 method=java.lang.String.equals(Ljava/lang/Object;)Z @ 8
Event: 1.132 Thread 0x0000000002acb000 Uncommon trap: reason=class_check action=maybe_recompile pc=0x0000000002f42654 method=java.lang.String.equals(Ljava/lang/Object;)Z @ 8
Event: 1.132 Thread 0x0000000002acb000 Uncommon trap: reason=class_check action=maybe_recompile pc=0x0000000002f42654 method=java.lang.String.equals(Ljava/lang/Object;)Z @ 8
Event: 1.189 Thread 0x0000000002acb000 Uncommon trap: reason=unstable_if action=reinterpret pc=0x0000000003125e70 method=java.util.concurrent.ConcurrentHashMap.putVal(Ljava/lang/Object;Ljava/lang/Object;Z)Ljava/lang/Object; @ 206
Event: 1.285 Thread 0x0000000002acb000 Uncommon trap: reason=unstable_if action=reinterpret pc=0x00000000031a7f98 method=java.io.WinNTFileSystem.normalize(Ljava/lang/String;)Ljava/lang/String; @ 128
Event: 1.400 Thread 0x000000001b64f800 Uncommon trap: reason=unstable_if action=reinterpret pc=0x0000000003117ce8 method=jdk.internal.org.objectweb.asm.Type.getArgumentsAndReturnSizes(Ljava/lang/String;)I @ 47
Event: 1.408 Thread 0x0000000002acb000 Uncommon trap: reason=unstable_if action=reinterpret pc=0x000000000320a604 method=org.springframework.asm.ClassReader.readUtf(II[C)Ljava/lang/String; @ 41
Event: 2.244 Thread 0x000000001b64f800 Uncommon trap: reason=unstable_if action=reinterpret pc=0x0000000003459f88 method=kotlin.reflect.jvm.internal.impl.protobuf.CodedInputStream.readRawVarint32()I @ 10

Classes redefined (0 events):
No events

Internal exceptions (10 events):
Event: 1.249 Thread 0x0000000002acb000 Exception <a 'java/lang/ClassNotFoundException': org/springframework/beans/factory/AwareCustomizer> (0x00000000d70dc070) thrown at [C:\re\workspace\8-2-build-windows-amd64-cygwin\jdk8u181\11358\hotspot\src\share\vm\classfile\systemDictionary.cpp, line 210
Event: 1.249 Thread 0x0000000002acb000 Exception <a 'java/lang/ClassNotFoundException': org/springframework/beans/factory/BeanClassLoaderAwareCustomizer> (0x00000000d715e578) thrown at [C:\re\workspace\8-2-build-windows-amd64-cygwin\jdk8u181\11358\hotspot\src\share\vm\classfile\systemDictionar
Event: 1.250 Thread 0x0000000002acb000 Exception <a 'java/lang/ClassNotFoundException': org/springframework/beans/factory/AwareCustomizer> (0x00000000d717d2f0) thrown at [C:\re\workspace\8-2-build-windows-amd64-cygwin\jdk8u181\11358\hotspot\src\share\vm\classfile\systemDictionary.cpp, line 210
Event: 1.251 Thread 0x0000000002acb000 Exception <a 'java/lang/ClassNotFoundException': org/springframework/context/EnvironmentAwareCustomizer> (0x00000000d719d180) thrown at [C:\re\workspace\8-2-build-windows-amd64-cygwin\jdk8u181\11358\hotspot\src\share\vm\classfile\systemDictionary.cpp, lin
Event: 1.252 Thread 0x0000000002acb000 Exception <a 'java/lang/ClassNotFoundException': org/springframework/beans/factory/AwareCustomizer> (0x00000000d71bbe78) thrown at [C:\re\workspace\8-2-build-windows-amd64-cygwin\jdk8u181\11358\hotspot\src\share\vm\classfile\systemDictionary.cpp, line 210
Event: 1.288 Thread 0x0000000002acb000 Exception <a 'java/lang/NoSuchMethodError': java.lang.Object.lambda$comparing$77a9974f$1(Ljava/util/function/Function;Ljava/lang/Object;Ljava/lang/Object;)I> (0x00000000d75ec118) thrown at [C:\re\workspace\8-2-build-windows-amd64-cygwin\jdk8u181\11358\hot
Event: 1.404 Thread 0x000000001b64f800 Exception <a 'java/lang/IncompatibleClassChangeError': Found class java.lang.Object, but interface was expected> (0x00000000d5fb6898) thrown at [C:\re\workspace\8-2-build-windows-amd64-cygwin\jdk8u181\11358\hotspot\src\share\vm\interpreter\linkResolver.cp
Event: 1.736 Thread 0x0000000002acb000 Exception <a 'java/lang/IncompatibleClassChangeError': Found class java.lang.Object, but interface was expected> (0x00000000dd817068) thrown at [C:\re\workspace\8-2-build-windows-amd64-cygwin\jdk8u181\11358\hotspot\src\share\vm\interpreter\linkResolver.cp
Event: 1.797 Thread 0x0000000002acb000 Exception <a 'java/lang/NoSuchMethodError': java.lang.Object.lambda$getAllAnnotationAttributes$0(Lorg/springframework/util/MultiValueMap;)Lorg/springframework/util/MultiValueMap;> (0x00000000d5f7e7f8) thrown at [C:\re\workspace\8-2-build-windows-amd64-cyg
Event: 1.798 Thread 0x0000000002acb000 Exception <a 'java/lang/NoSuchMethodError': java.lang.Object.lambda$identity$2(Ljava/lang/Object;)Ljava/lang/Object;> (0x00000000d60f92e8) thrown at [C:\re\workspace\8-2-build-windows-amd64-cygwin\jdk8u181\11358\hotspot\src\share\vm\interpreter\linkResolv

Events (10 events):
Event: 2.305 loading class org/springframework/security/oauth2/server/resource$BearerTokenError
Event: 2.305 loading class org/springframework/security/oauth2/server/resource$BearerTokenError done
Event: 2.306 loading class kotlin/reflect/jvm/internal/impl/serialization/deserialization/descriptors/DeserializedMemberScope$classNames$2
Event: 2.306 loading class kotlin/reflect/jvm/internal/impl/serialization/deserialization/descriptors/DeserializedMemberScope$classNames$2 done
Event: 2.307 loading class kotlin/Int
Event: 2.307 loading class kotlin/Int done
Event: 2.307 loading class kotlin/reflect/jvm/internal/impl/load/java/lazy/descriptors/LazyJavaPackageScope$KotlinClassLookupResult$NotFound
Event: 2.307 loading class kotlin/reflect/jvm/internal/impl/load/java/lazy/descriptors/LazyJavaPackageScope$KotlinClassLookupResult$NotFound done
Event: 2.308 loading class kotlin/reflect/jvm/internal/impl/load/java/lazy/descriptors/LazyJavaPackageScope$KotlinClassLookupResult$SyntheticClass
Event: 2.308 loading class kotlin/reflect/jvm/internal/impl/load/java/lazy/descriptors/LazyJavaPackageScope$KotlinClassLookupResult$SyntheticClass done


Dynamic libraries:
0x00007ff77e030000 - 0x00007ff77e067000 	C:\Program Files\Java\jdk1.8.0_181\bin\java.exe
0x00007ffadbaa0000 - 0x00007ffadbc90000 	C:\WINDOWS\SYSTEM32\ntdll.dll
0x00007ffadb890000 - 0x00007ffadb942000 	C:\WINDOWS\System32\KERNEL32.DLL
0x00007ffad97d0000 - 0x00007ffad9a73000 	C:\WINDOWS\System32\KERNELBASE.dll
0x00007ffad9b50000 - 0x00007ffad9bf3000 	C:\WINDOWS\System32\ADVAPI32.dll
0x00007ffad9e60000 - 0x00007ffad9efe000 	C:\WINDOWS\System32\msvcrt.dll
0x00007ffad9c10000 - 0x00007ffad9ca7000 	C:\WINDOWS\System32\sechost.dll
0x00007ffad9fd0000 - 0x00007ffada0f0000 	C:\WINDOWS\System32\RPCRT4.dll
0x00007ffada7e0000 - 0x00007ffada974000 	C:\WINDOWS\System32\USER32.dll
0x00007ffad97a0000 - 0x00007ffad97c1000 	C:\WINDOWS\System32\win32u.dll
0x00007ffadb9b0000 - 0x00007ffadb9d6000 	C:\WINDOWS\System32\GDI32.dll
0x00007ffad8b30000 - 0x00007ffad8cc4000 	C:\WINDOWS\System32\gdi32full.dll
0x00007ffad8ed0000 - 0x00007ffad8f6e000 	C:\WINDOWS\System32\msvcp_win.dll
0x00007ffad8a30000 - 0x00007ffad8b2a000 	C:\WINDOWS\System32\ucrtbase.dll
0x00007ffacd780000 - 0x00007ffacda05000 	C:\WINDOWS\WinSxS\amd64_microsoft.windows.common-controls_6595b64144ccf1df_6.0.18362.657_none_e6c5b579130e3898\COMCTL32.dll
0x00007ffadb440000 - 0x00007ffadb776000 	C:\WINDOWS\System32\combase.dll
0x00007ffad9ad0000 - 0x00007ffad9b50000 	C:\WINDOWS\System32\bcryptPrimitives.dll
0x00007ffada7b0000 - 0x00007ffada7de000 	C:\WINDOWS\System32\IMM32.DLL
0x0000000052c70000 - 0x0000000052d42000 	C:\Program Files\Java\jdk1.8.0_181\jre\bin\msvcr100.dll
0x00000000523c0000 - 0x0000000052c62000 	C:\Program Files\Java\jdk1.8.0_181\jre\bin\server\jvm.dll
0x00007ffad9c00000 - 0x00007ffad9c08000 	C:\WINDOWS\System32\PSAPI.DLL
0x00007ffac2b60000 - 0x00007ffac2b69000 	C:\WINDOWS\SYSTEM32\WSOCK32.dll
0x00007ffacf8a0000 - 0x00007ffacf8c4000 	C:\WINDOWS\SYSTEM32\WINMM.dll
0x00007ffadb3d0000 - 0x00007ffadb43f000 	C:\WINDOWS\System32\WS2_32.dll
0x00007ffacf660000 - 0x00007ffacf68d000 	C:\WINDOWS\SYSTEM32\WINMMBASE.dll
0x00007ffad8d30000 - 0x00007ffad8d7a000 	C:\WINDOWS\System32\cfgmgr32.dll
0x00007ffad6970000 - 0x00007ffad697a000 	C:\WINDOWS\SYSTEM32\VERSION.dll
0x00000000523b0000 - 0x00000000523bf000 	C:\Program Files\Java\jdk1.8.0_181\jre\bin\verify.dll
0x0000000052380000 - 0x00000000523a9000 	C:\Program Files\Java\jdk1.8.0_181\jre\bin\java.dll
0x00000000522e0000 - 0x0000000052303000 	C:\Program Files\Java\jdk1.8.0_181\jre\bin\instrument.dll
0x0000000052360000 - 0x0000000052376000 	C:\Program Files\Java\jdk1.8.0_181\jre\bin\zip.dll
0x00007ffadaa60000 - 0x00007ffadb145000 	C:\WINDOWS\System32\SHELL32.dll
0x00007ffadb780000 - 0x00007ffadb829000 	C:\WINDOWS\System32\shcore.dll
0x00007ffad9020000 - 0x00007ffad979f000 	C:\WINDOWS\System32\windows.storage.dll
0x00007ffad89a0000 - 0x00007ffad89bf000 	C:\WINDOWS\System32\profapi.dll
0x00007ffad89e0000 - 0x00007ffad8a2a000 	C:\WINDOWS\System32\powrprof.dll
0x00007ffad8970000 - 0x00007ffad8980000 	C:\WINDOWS\System32\UMPDC.dll
0x00007ffadaa00000 - 0x00007ffadaa52000 	C:\WINDOWS\System32\shlwapi.dll
0x00007ffad8980000 - 0x00007ffad8991000 	C:\WINDOWS\System32\kernel.appcore.dll
0x00007ffad9a80000 - 0x00007ffad9a97000 	C:\WINDOWS\System32\cryptsp.dll
0x00007ffad3af0000 - 0x00007ffad3b0a000 	C:\Program Files\JetBrains\IntelliJ IDEA Community Edition 2019.2.4\bin\breakgen64.dll
0x0000000052340000 - 0x000000005235a000 	C:\Program Files\Java\jdk1.8.0_181\jre\bin\net.dll
0x00007ffad81e0000 - 0x00007ffad8247000 	C:\WINDOWS\system32\mswsock.dll
0x0000000052310000 - 0x000000005231d000 	C:\Program Files\Java\jdk1.8.0_181\jre\bin\management.dll
0x00007ffaba320000 - 0x00007ffaba336000 	C:\WINDOWS\system32\napinsp.dll
0x00007ffab8740000 - 0x00007ffab875a000 	C:\WINDOWS\system32\pnrpnsp.dll
0x00007ffad4370000 - 0x00007ffad4385000 	C:\WINDOWS\system32\wshbth.dll
0x00007ffad4e70000 - 0x00007ffad4e8c000 	C:\WINDOWS\system32\NLAapi.dll
0x00007ffad7ef0000 - 0x00007ffad7f2a000 	C:\WINDOWS\SYSTEM32\IPHLPAPI.DLL
0x00007ffad7f30000 - 0x00007ffad7ffa000 	C:\WINDOWS\SYSTEM32\DNSAPI.dll
0x00007ffada1c0000 - 0x00007ffada1c8000 	C:\WINDOWS\System32\NSI.dll
0x00007ffad26f0000 - 0x00007ffad26fe000 	C:\WINDOWS\System32\winrnr.dll
0x00007fface770000 - 0x00007fface77a000 	C:\Windows\System32\rasadhlp.dll
0x00007ffad0940000 - 0x00007ffad09b7000 	C:\WINDOWS\System32\fwpuclnt.dll
0x00007ffad9aa0000 - 0x00007ffad9ac6000 	C:\WINDOWS\System32\bcrypt.dll
0x0000000052320000 - 0x0000000052331000 	C:\Program Files\Java\jdk1.8.0_181\jre\bin\nio.dll

VM Arguments:
jvm_args: -javaagent:C:\Program Files\JetBrains\IntelliJ IDEA Community Edition 2019.2.4\lib\idea_rt.jar=57817:C:\Program Files\JetBrains\IntelliJ IDEA Community Edition 2019.2.4\bin -Dfile.encoding=UTF-8 
java_command: com.honor.back.honorwebapp.HonorwebappApplication
java_class_path (initial): C:\Program Files\Java\jdk1.8.0_181\jre\lib\charsets.jar;C:\Program Files\Java\jdk1.8.0_181\jre\lib\deploy.jar;C:\Program Files\Java\jdk1.8.0_181\jre\lib\ext\access-bridge-64.jar;C:\Program Files\Java\jdk1.8.0_181\jre\lib\ext\cldrdata.jar;C:\Program Files\Java\jdk1.8.0_181\jre\lib\ext\dnsns.jar;C:\Program Files\Java\jdk1.8.0_181\jre\lib\ext\jaccess.jar;C:\Program Files\Java\jdk1.8.0_181\jre\lib\ext\jfxrt.jar;C:\Program Files\Java\jdk1.8.0_181\jre\lib\ext\localedata.jar;C:\Program Files\Java\jdk1.8.0_181\jre\lib\ext\nashorn.jar;C:\Program Files\Java\jdk1.8.0_181\jre\lib\ext\sunec.jar;C:\Program Files\Java\jdk1.8.0_181\jre\lib\ext\sunjce_provider.jar;C:\Program Files\Java\jdk1.8.0_181\jre\lib\ext\sunmscapi.jar;C:\Program Files\Java\jdk1.8.0_181\jre\lib\ext\sunpkcs11.jar;C:\Program Files\Java\jdk1.8.0_181\jre\lib\ext\zipfs.jar;C:\Program Files\Java\jdk1.8.0_181\jre\lib\javaws.jar;C:\Program Files\Java\jdk1.8.0_181\jre\lib\jce.jar;C:\Program Files\Java\jdk1.8.0_181\jre\lib\jfr.jar;C:\Program Files\Java\jdk1.8.0_181\jre\lib\jfxswt.jar;C:\Program Files\Java\jdk1.8.0_181\jre\lib\jsse.jar;C:\Program Files\Java\jdk1.8.0_181\jre\lib\management-agent.jar;C:\Program Files\Java\jdk1.8.0_181\jre\lib\plugin.jar;C:\Program Files\Java\jdk1.8.0_181\jre\lib\resources.jar;C:\Program Files\Java\jdk1.8.0_181\jre\lib\rt.jar;C:\Users\nikkr\Desktop\Java Projects\honor-backend\target\classes;C:\Users\nikkr\.m2\repository\org\springframework\boot\spring-boot-starter-web\2.2.1.RELEASE\spring-boot-starter-web-2.2.1.RELEASE.jar;C:\Users\nikkr\.m2\repository\org\springframework\boot\spring-boot-starter\2.2.1.RELEASE\spring-boot-starter-2.2.1.RELEASE.jar;C:\Users\nikkr\.m2\repository\org\springframework\boot\spring-boot\2.2.1.RELEASE\spring-boot-2.2.1.RELEASE.jar;C:\Users\nikkr\.m2\repository\org\springframework\boot\spring-boot-autoconfigure\2.2.1.RELEASE\spring-boot-autoconfigure-2.2.1.RELEASE.jar;C:\Users\nikkr\.m2\repository\org\springframework\boot\spring-boot-star
Launcher Type: SUN_STANDARD

Environment Variables:
JAVA_HOME=C:\Program Files\Java\jdk1.8.0_181
PATH=C:\Program Files (x86)\Embarcadero\Studio\20.0\bin;C:\Users\Public\Documents\Embarcadero\Studio\20.0\Bpl;C:\Program Files (x86)\Embarcadero\Studio\20.0\bin64;C:\Users\Public\Documents\Embarcadero\Studio\20.0\Bpl\Win64;C:\Program Files (x86)\Common Files\Oracle\Java\javapath;C:\WINDOWS\system32;C:\WINDOWS;C:\WINDOWS\System32\Wbem;C:\WINDOWS\System32\WindowsPowerShell\v1.0\;C:\WINDOWS\System32\OpenSSH\;C:\Program Files (x86)\NVIDIA Corporation\PhysX\Common;C:\Program Files\nodejs\;C:\Program Files\Git\cmd;C:\Program Files\Java\jdk1.8.0_181\bin;C:\Program Files\Maven\apache-maven-3.6.2\bin;C:\Program Files (x86)\Windows Kits\10\Windows Performance Toolkit\;C:\Users\nikkr\AppData\Local\Microsoft\WindowsApps;C:\Users\nikkr\AppData\Roaming\npm;C:\Users\nikkr\AppData\Local\Programs\Microsoft VS Code\bin;C:\Program Files\JetBrains\IntelliJ IDEA Community Edition 2019.2.4\bin;;C:\Program Files\JetBrains\DataGrip 2019.3\bin;
USERNAME=nikkr
OS=Windows_NT
PROCESSOR_IDENTIFIER=Intel64 Family 6 Model 142 Stepping 10, GenuineIntel



---------------  S Y S T E M  ---------------

OS: Windows 10.0 , 64 bit Build 18362 (10.0.18362.329)

CPU:total 8 (initial active 8) (4 cores per cpu, 2 threads per core) family 6 model 142 stepping 10, cmov, cx8, fxsr, mmx, sse, sse2, sse3, ssse3, sse4.1, sse4.2, popcnt, avx, avx2, aes, clmul, erms, 3dnowpref, lzcnt, ht, tsc, tscinvbit, bmi1, bmi2, adx

Memory: 4k page, physical 8295652k(483200k free), swap 33461476k(6496k free)

vm_info: Java HotSpot(TM) 64-Bit Server VM (25.181-b13) for windows-amd64 JRE (1.8.0_181-b13), built on Jul  7 2018 04:01:33 by "java_re" with MS VC++ 10.0 (VS2010)

time: Mon Mar 09 18:08:56 2020
elapsed time: 2 seconds (0d 0h 0m 2s)

