#
# There is insufficient memory for the Java Runtime Environment to continue.
# Native memory allocation (malloc) failed to allocate 32744 bytes for ChunkPool::allocate
# Possible reasons:
#   The system is out of physical RAM or swap space
#   In 32 bit mode, the process size limit was hit
# Possible solutions:
#   Reduce memory load on the system
#   Increase physical memory or swap space
#   Check if swap backing store is full
#   Use 64 bit Java on a 64 bit OS
#   Decrease Java heap size (-Xmx/-Xms)
#   Decrease number of Java threads
#   Decrease Java thread stack sizes (-Xss)
#   Set larger code cache with -XX:ReservedCodeCacheSize=
# This output file may be truncated or incomplete.
#
#  Out of Memory Error (allocation.cpp:273), pid=18520, tid=0x00000000000036c0
#
# JRE version: Java(TM) SE Runtime Environment (8.0_181-b13) (build 1.8.0_181-b13)
# Java VM: Java HotSpot(TM) 64-Bit Server VM (25.181-b13 mixed mode windows-amd64 compressed oops)
# Failed to write core dump. Minidumps are not enabled by default on client versions of Windows
#

---------------  T H R E A D  ---------------

Current thread (0x0000000002d6b000):  JavaThread "main" [_thread_in_vm, id=14016, stack(0x0000000002c60000,0x0000000002d60000)]

Stack: [0x0000000002c60000,0x0000000002d60000]
[error occurred during error reporting (printing stack bounds), id 0xc0000005]

Native frames: (J=compiled Java code, j=interpreted, Vv=VM code, C=native code)

Java frames: (J=compiled Java code, j=interpreted, Vv=VM code)
J 667  java.lang.ClassLoader.defineClass1(Ljava/lang/String;[BIILjava/security/ProtectionDomain;Ljava/lang/String;)Ljava/lang/Class; (0 bytes) @ 0x000000000332c0df [0x000000000332c040+0x9f]
J 574 C1 java.lang.ClassLoader.defineClass(Ljava/lang/String;[BIILjava/security/ProtectionDomain;)Ljava/lang/Class; (43 bytes) @ 0x00000000032f1424 [0x00000000032f0e40+0x5e4]
J 626 C1 java.net.URLClassLoader.defineClass(Ljava/lang/String;Lsun/misc/Resource;)Ljava/lang/Class; (142 bytes) @ 0x0000000003312d24 [0x00000000033111c0+0x1b64]
J 506 C1 java.net.URLClassLoader$1.run()Ljava/lang/Class; (63 bytes) @ 0x00000000032b426c [0x00000000032b3fa0+0x2cc]
J 505 C1 java.net.URLClassLoader$1.run()Ljava/lang/Object; (5 bytes) @ 0x0000000003298f0c [0x0000000003298e80+0x8c]
v  ~StubRoutines::call_stub
J 138  java.security.AccessController.doPrivileged(Ljava/security/PrivilegedExceptionAction;Ljava/security/AccessControlContext;)Ljava/lang/Object; (0 bytes) @ 0x00000000031b6926 [0x00000000031b68c0+0x66]
J 1439 C2 java.lang.ClassLoader.loadClass(Ljava/lang/String;Z)Ljava/lang/Class; (122 bytes) @ 0x000000000355b0d8 [0x000000000355a520+0xbb8]
J 311 C1 sun.misc.Launcher$AppClassLoader.loadClass(Ljava/lang/String;Z)Ljava/lang/Class; (85 bytes) @ 0x000000000323f22c [0x000000000323e880+0x9ac]
J 304 C1 java.lang.ClassLoader.loadClass(Ljava/lang/String;)Ljava/lang/Class; (7 bytes) @ 0x000000000323b24c [0x000000000323b140+0x10c]
v  ~StubRoutines::call_stub
j  org.springframework.boot.actuate.autoconfigure.web.server.ManagementContextConfigurationImportSelector.loadFactoryNames()Ljava/util/List;+0
j  org.springframework.boot.actuate.autoconfigure.web.server.ManagementContextConfigurationImportSelector.getConfigurations()Ljava/util/List;+21
j  org.springframework.boot.actuate.autoconfigure.web.server.ManagementContextConfigurationImportSelector.selectImports(Lorg/springframework/core/type/AnnotationMetadata;)[Ljava/lang/String;+23
j  org.springframework.context.annotation.ConfigurationClassParser$DefaultDeferredImportSelectorGroup.process(Lorg/springframework/core/type/AnnotationMetadata;Lorg/springframework/context/annotation/DeferredImportSelector;)V+2
j  org.springframework.context.annotation.ConfigurationClassParser$DeferredImportSelectorGrouping.getImports()Ljava/lang/Iterable;+44
j  org.springframework.context.annotation.ConfigurationClassParser$DeferredImportSelectorGroupingHandler.processGroupImports()V+35
j  org.springframework.context.annotation.ConfigurationClassParser$DeferredImportSelectorHandler.handle(Lorg/springframework/context/annotation/ConfigurationClass;Lorg/springframework/context/annotation/DeferredImportSelector;)V+39
J 2335 C1 org.springframework.context.annotation.ConfigurationClassParser.processImports(Lorg/springframework/context/annotation/ConfigurationClass;Lorg/springframework/context/annotation/ConfigurationClassParser$SourceClass;Ljava/util/Collection;Z)V (345 bytes) @ 0x00000000037cc224 [0x00000000037cb700+0xb24]
j  org.springframework.context.annotation.ConfigurationClassParser.doProcessConfigurationClass(Lorg/springframework/context/annotation/ConfigurationClass;Lorg/springframework/context/annotation/ConfigurationClassParser$SourceClass;)Lorg/springframework/context/annotation/ConfigurationClassParser$SourceClass;+309
j  org.springframework.context.annotation.ConfigurationClassParser.processConfigurationClass(Lorg/springframework/context/annotation/ConfigurationClass;)V+102
j  org.springframework.context.annotation.ConfigurationClassParser.processMemberClasses(Lorg/springframework/context/annotation/ConfigurationClass;Lorg/springframework/context/annotation/ConfigurationClassParser$SourceClass;)V+194
j  org.springframework.context.annotation.ConfigurationClassParser.doProcessConfigurationClass(Lorg/springframework/context/annotation/ConfigurationClass;Lorg/springframework/context/annotation/ConfigurationClassParser$SourceClass;)Lorg/springframework/context/annotation/ConfigurationClassParser$SourceClass;+20
j  org.springframework.context.annotation.ConfigurationClassParser.processConfigurationClass(Lorg/springframework/context/annotation/ConfigurationClass;)V+102
j  org.springframework.context.annotation.ConfigurationClassParser.processMemberClasses(Lorg/springframework/context/annotation/ConfigurationClass;Lorg/springframework/context/annotation/ConfigurationClassParser$SourceClass;)V+194
j  org.springframework.context.annotation.ConfigurationClassParser.doProcessConfigurationClass(Lorg/springframework/context/annotation/ConfigurationClass;Lorg/springframework/context/annotation/ConfigurationClassParser$SourceClass;)Lorg/springframework/context/annotation/ConfigurationClassParser$SourceClass;+20
j  org.springframework.context.annotation.ConfigurationClassParser.processConfigurationClass(Lorg/springframework/context/annotation/ConfigurationClass;)V+102
J 2335 C1 org.springframework.context.annotation.ConfigurationClassParser.processImports(Lorg/springframework/context/annotation/ConfigurationClass;Lorg/springframework/context/annotation/ConfigurationClassParser$SourceClass;Ljava/util/Collection;Z)V (345 bytes) @ 0x00000000037ccb9c [0x00000000037cb700+0x149c]
j  org.springframework.context.annotation.ConfigurationClassParser.access$900(Lorg/springframework/context/annotation/ConfigurationClassParser;Lorg/springframework/context/annotation/ConfigurationClass;Lorg/springframework/context/annotation/ConfigurationClassParser$SourceClass;Ljava/util/Collection;Z)V+6
j  org.springframework.context.annotation.ConfigurationClassParser$DeferredImportSelectorGroupingHandler.lambda$processGroupImports$1(Lorg/springframework/context/annotation/DeferredImportSelector$Group$Entry;)V+49
j  org.springframework.context.annotation.ConfigurationClassParser$DeferredImportSelectorGroupingHandler$$Lambda$192.accept(Ljava/lang/Object;)V+8
j  java.util.ArrayList.forEach(Ljava/util/function/Consumer;)V+47
j  org.springframework.context.annotation.ConfigurationClassParser$DeferredImportSelectorGroupingHandler.processGroupImports()V+44
j  org.springframework.context.annotation.ConfigurationClassParser$DeferredImportSelectorHandler.process()V+54
j  org.springframework.context.annotation.ConfigurationClassParser.parse(Ljava/util/Set;)V+171
j  org.springframework.context.annotation.ConfigurationClassPostProcessor.processConfigBeanDefinitions(Lorg/springframework/beans/factory/support/BeanDefinitionRegistry;)V+295
j  org.springframework.context.annotation.ConfigurationClassPostProcessor.postProcessBeanDefinitionRegistry(Lorg/springframework/beans/factory/support/BeanDefinitionRegistry;)V+107
j  org.springframework.context.support.PostProcessorRegistrationDelegate.invokeBeanDefinitionRegistryPostProcessors(Ljava/util/Collection;Lorg/springframework/beans/factory/support/BeanDefinitionRegistry;)V+28
j  org.springframework.context.support.PostProcessorRegistrationDelegate.invokeBeanFactoryPostProcessors(Lorg/springframework/beans/factory/config/ConfigurableListableBeanFactory;Ljava/util/List;)V+229
j  org.springframework.context.support.AbstractApplicationContext.invokeBeanFactoryPostProcessors(Lorg/springframework/beans/factory/config/ConfigurableListableBeanFactory;)V+5
j  org.springframework.context.support.AbstractApplicationContext.refresh()V+28
j  org.springframework.boot.web.servlet.context.ServletWebServerApplicationContext.refresh()V+1
j  org.springframework.boot.SpringApplication.refresh(Lorg/springframework/context/ApplicationContext;)V+10
j  org.springframework.boot.SpringApplication.refreshContext(Lorg/springframework/context/ConfigurableApplicationContext;)V+2
j  org.springframework.boot.SpringApplication.run([Ljava/lang/String;)Lorg/springframework/context/ConfigurableApplicationContext;+118
j  org.springframework.boot.SpringApplication.run([Ljava/lang/Class;[Ljava/lang/String;)Lorg/springframework/context/ConfigurableApplicationContext;+9
j  org.springframework.boot.SpringApplication.run(Ljava/lang/Class;[Ljava/lang/String;)Lorg/springframework/context/ConfigurableApplicationContext;+9
j  com.honor.back.honorwebapp.HonorwebappApplication.main([Ljava/lang/String;)V+3
v  ~StubRoutines::call_stub

---------------  P R O C E S S  ---------------

Java Threads: ( => current thread )
  0x000000001a2de000 JavaThread "Service Thread" daemon [_thread_blocked, id=8828, stack(0x000000001b3f0000,0x000000001b4f0000)]
  0x000000001a976000 JavaThread "C1 CompilerThread3" daemon [_thread_blocked, id=16260, stack(0x000000001b2f0000,0x000000001b3f0000)]
  0x000000001a973000 JavaThread "C2 CompilerThread2" daemon [_thread_in_native, id=12000, stack(0x000000001b1f0000,0x000000001b2f0000)]
  0x000000001a972000 JavaThread "C2 CompilerThread1" daemon [_thread_in_native, id=16276, stack(0x000000001b0f0000,0x000000001b1f0000)]
  0x000000001a2db000 JavaThread "C2 CompilerThread0" daemon [_thread_in_native, id=8588, stack(0x000000001aff0000,0x000000001b0f0000)]
  0x000000001a2d7000 JavaThread "Monitor Ctrl-Break" daemon [_thread_in_native, id=20136, stack(0x000000001aef0000,0x000000001aff0000)]
  0x000000001801a000 JavaThread "Attach Listener" daemon [_thread_blocked, id=14596, stack(0x000000001a5f0000,0x000000001a6f0000)]
  0x0000000019f1e000 JavaThread "Signal Dispatcher" daemon [_thread_blocked, id=20040, stack(0x000000001a4f0000,0x000000001a5f0000)]
  0x0000000018016000 JavaThread "Finalizer" daemon [_thread_blocked, id=8888, stack(0x000000001a2e0000,0x000000001a3e0000)]
  0x000000001800f000 JavaThread "Reference Handler" daemon [_thread_blocked, id=13696, stack(0x0000000019de0000,0x0000000019ee0000)]
=>0x0000000002d6b000 JavaThread "main" [_thread_in_vm, id=14016, stack(0x0000000002c60000,0x0000000002d60000)]

Other Threads:
  0x0000000018007800 VMThread [stack: 0x0000000019ce0000,0x0000000019de0000] [id=4560]
  0x000000001aa69000 WatcherThread [stack: 0x000000001b4f0000,0x000000001b5f0000] [id=15420]

VM state:not at safepoint (normal execution)

VM Mutex/Monitor currently owned by a thread: None

Heap:
 PSYoungGen      total 137728K, used 46995K [0x00000000d5d00000, 0x00000000e3680000, 0x0000000100000000)
  eden space 128512K, 31% used [0x00000000d5d00000,0x00000000d8423590,0x00000000dda80000)
  from space 9216K, 75% used [0x00000000dda80000,0x00000000de141848,0x00000000de380000)
  to   space 9216K, 0% used [0x00000000e2d80000,0x00000000e2d80000,0x00000000e3680000)
 ParOldGen       total 49664K, used 7304K [0x0000000081600000, 0x0000000084680000, 0x00000000d5d00000)
  object space 49664K, 14% used [0x0000000081600000,0x0000000081d222c0,0x0000000084680000)
 Metaspace       used 27776K, capacity 28618K, committed 28928K, reserved 1075200K
  class space    used 3501K, capacity 3717K, committed 3840K, reserved 1048576K

Card table byte_map: [0x0000000012420000,0x0000000012820000] byte_map_base: 0x0000000012015000

Marking Bits: (ParMarkBitMap*) 0x0000000052be2d00
 Begin Bits: [0x00000000132d0000, 0x0000000015278000)
 End Bits:   [0x0000000015278000, 0x0000000017220000)

Polling page: 0x0000000002b10000

CodeCache: size=245760Kb used=7687Kb max_used=7687Kb free=238072Kb
 bounds [0x0000000003060000, 0x00000000037f0000, 0x0000000012060000]
 total_blobs=2773 nmethods=2356 adapters=328
 compilation: enabled

Compilation events (10 events):
Event: 2.646 Thread 0x000000001a976000 2356       3       org.springframework.core.KotlinDetector::isKotlinReflectPresent (4 bytes)
Event: 2.646 Thread 0x000000001a976000 nmethod 2356 0x00000000037e1d50 code [0x00000000037e1ea0, 0x00000000037e1fd0]
Event: 2.646 Thread 0x000000001a976000 2358       3       org.springframework.core.io.ClassPathResource::getInputStream (88 bytes)
Event: 2.648 Thread 0x000000001a976000 nmethod 2358 0x00000000037e2050 code [0x00000000037e23e0, 0x00000000037e41f8]
Event: 2.648 Thread 0x000000001a976000 2357       3       org.springframework.util.Assert::isInstanceOf (21 bytes)
Event: 2.649 Thread 0x000000001a976000 nmethod 2357 0x00000000037e5310 code [0x00000000037e54a0, 0x00000000037e5858]
Event: 2.650 Thread 0x000000001a976000 2359       3       java.util.ArrayDeque::<init> (14 bytes)
Event: 2.650 Thread 0x000000001a976000 nmethod 2359 0x00000000037e59d0 code [0x00000000037e5b40, 0x00000000037e5df0]
Event: 2.667 Thread 0x000000001a976000 2361       3       org.springframework.context.annotation.ConfigurationClassParser::asSourceClass (35 bytes)
Event: 2.667 Thread 0x000000001a976000 nmethod 2361 0x00000000037e5f10 code [0x00000000037e60c0, 0x00000000037e66c8]

GC Heap History (10 events):
Event: 1.557 GC heap before
{Heap before GC invocations=4 (full 0):
 PSYoungGen      total 38400K, used 38398K [0x00000000d5d00000, 0x00000000da800000, 0x0000000100000000)
  eden space 33280K, 100% used [0x00000000d5d00000,0x00000000d7d80000,0x00000000d7d80000)
  from space 5120K, 99% used [0x00000000d7d80000,0x00000000d827fa78,0x00000000d8280000)
  to   space 5120K, 0% used [0x00000000da300000,0x00000000da300000,0x00000000da800000)
 ParOldGen       total 87552K, used 2179K [0x0000000081600000, 0x0000000086b80000, 0x00000000d5d00000)
  object space 87552K, 2% used [0x0000000081600000,0x0000000081820c88,0x0000000086b80000)
 Metaspace       used 20120K, capacity 20720K, committed 20992K, reserved 1067008K
  class space    used 2594K, capacity 2738K, committed 2816K, reserved 1048576K
Event: 1.564 GC heap after
Heap after GC invocations=4 (full 0):
 PSYoungGen      total 71680K, used 5107K [0x00000000d5d00000, 0x00000000da800000, 0x0000000100000000)
  eden space 66560K, 0% used [0x00000000d5d00000,0x00000000d5d00000,0x00000000d9e00000)
  from space 5120K, 99% used [0x00000000da300000,0x00000000da7fcfa8,0x00000000da800000)
  to   space 5120K, 0% used [0x00000000d9e00000,0x00000000d9e00000,0x00000000da300000)
 ParOldGen       total 87552K, used 5457K [0x0000000081600000, 0x0000000086b80000, 0x00000000d5d00000)
  object space 87552K, 6% used [0x0000000081600000,0x0000000081b546c8,0x0000000086b80000)
 Metaspace       used 20120K, capacity 20720K, committed 20992K, reserved 1067008K
  class space    used 2594K, capacity 2738K, committed 2816K, reserved 1048576K
}
Event: 1.595 GC heap before
{Heap before GC invocations=5 (full 0):
 PSYoungGen      total 71680K, used 12734K [0x00000000d5d00000, 0x00000000da800000, 0x0000000100000000)
  eden space 66560K, 11% used [0x00000000d5d00000,0x00000000d6472ae8,0x00000000d9e00000)
  from space 5120K, 99% used [0x00000000da300000,0x00000000da7fcfa8,0x00000000da800000)
  to   space 5120K, 0% used [0x00000000d9e00000,0x00000000d9e00000,0x00000000da300000)
 ParOldGen       total 87552K, used 5457K [0x0000000081600000, 0x0000000086b80000, 0x00000000d5d00000)
  object space 87552K, 6% used [0x0000000081600000,0x0000000081b546c8,0x0000000086b80000)
 Metaspace       used 20585K, capacity 21192K, committed 21248K, reserved 1067008K
  class space    used 2665K, capacity 2806K, committed 2816K, reserved 1048576K
Event: 1.600 GC heap after
Heap after GC invocations=5 (full 0):
 PSYoungGen      total 71680K, used 5117K [0x00000000d5d00000, 0x00000000df100000, 0x0000000100000000)
  eden space 66560K, 0% used [0x00000000d5d00000,0x00000000d5d00000,0x00000000d9e00000)
  from space 5120K, 99% used [0x00000000d9e00000,0x00000000da2ff5d8,0x00000000da300000)
  to   space 9216K, 0% used [0x00000000de800000,0x00000000de800000,0x00000000df100000)
 ParOldGen       total 87552K, used 5878K [0x0000000081600000, 0x0000000086b80000, 0x00000000d5d00000)
  object space 87552K, 6% used [0x0000000081600000,0x0000000081bbda60,0x0000000086b80000)
 Metaspace       used 20585K, capacity 21192K, committed 21248K, reserved 1067008K
  class space    used 2665K, capacity 2806K, committed 2816K, reserved 1048576K
}
Event: 1.600 GC heap before
{Heap before GC invocations=6 (full 1):
 PSYoungGen      total 71680K, used 5117K [0x00000000d5d00000, 0x00000000df100000, 0x0000000100000000)
  eden space 66560K, 0% used [0x00000000d5d00000,0x00000000d5d00000,0x00000000d9e00000)
  from space 5120K, 99% used [0x00000000d9e00000,0x00000000da2ff5d8,0x00000000da300000)
  to   space 9216K, 0% used [0x00000000de800000,0x00000000de800000,0x00000000df100000)
 ParOldGen       total 87552K, used 5878K [0x0000000081600000, 0x0000000086b80000, 0x00000000d5d00000)
  object space 87552K, 6% used [0x0000000081600000,0x0000000081bbda60,0x0000000086b80000)
 Metaspace       used 20585K, capacity 21192K, committed 21248K, reserved 1067008K
  class space    used 2665K, capacity 2806K, committed 2816K, reserved 1048576K
Event: 1.622 GC heap after
Heap after GC invocations=6 (full 1):
 PSYoungGen      total 71680K, used 0K [0x00000000d5d00000, 0x00000000df100000, 0x0000000100000000)
  eden space 66560K, 0% used [0x00000000d5d00000,0x00000000d5d00000,0x00000000d9e00000)
  from space 5120K, 0% used [0x00000000d9e00000,0x00000000d9e00000,0x00000000da300000)
  to   space 9216K, 0% used [0x00000000de800000,0x00000000de800000,0x00000000df100000)
 ParOldGen       total 49664K, used 5334K [0x0000000081600000, 0x0000000084680000, 0x00000000d5d00000)
  object space 49664K, 10% used [0x0000000081600000,0x0000000081b35bd8,0x0000000084680000)
 Metaspace       used 20584K, capacity 21186K, committed 21248K, reserved 1067008K
  class space    used 2664K, capacity 2805K, committed 2816K, reserved 1048576K
}
Event: 1.909 GC heap before
{Heap before GC invocations=7 (full 1):
 PSYoungGen      total 71680K, used 66558K [0x00000000d5d00000, 0x00000000df100000, 0x0000000100000000)
  eden space 66560K, 99% used [0x00000000d5d00000,0x00000000d9dff820,0x00000000d9e00000)
  from space 5120K, 0% used [0x00000000d9e00000,0x00000000d9e00000,0x00000000da300000)
  to   space 9216K, 0% used [0x00000000de800000,0x00000000de800000,0x00000000df100000)
 ParOldGen       total 49664K, used 7238K [0x0000000081600000, 0x0000000084680000, 0x00000000d5d00000)
  object space 49664K, 14% used [0x0000000081600000,0x0000000081d119e0,0x0000000084680000)
 Metaspace       used 23341K, capacity 24008K, committed 24192K, reserved 1071104K
  class space    used 2935K, capacity 3126K, committed 3200K, reserved 1048576K
Event: 1.915 GC heap after
Heap after GC invocations=7 (full 1):
 PSYoungGen      total 122368K, used 4154K [0x00000000d5d00000, 0x00000000dec80000, 0x0000000100000000)
  eden space 117760K, 0% used [0x00000000d5d00000,0x00000000d5d00000,0x00000000dd000000)
  from space 4608K, 90% used [0x00000000de800000,0x00000000dec0e948,0x00000000dec80000)
  to   space 9216K, 0% used [0x00000000dda80000,0x00000000dda80000,0x00000000de380000)
 ParOldGen       total 49664K, used 7246K [0x0000000081600000, 0x0000000084680000, 0x00000000d5d00000)
  object space 49664K, 14% used [0x0000000081600000,0x0000000081d139e0,0x0000000084680000)
 Metaspace       used 23341K, capacity 24008K, committed 24192K, reserved 1071104K
  class space    used 2935K, capacity 3126K, committed 3200K, reserved 1048576K
}
Event: 2.401 GC heap before
{Heap before GC invocations=8 (full 1):
 PSYoungGen      total 122368K, used 121914K [0x00000000d5d00000, 0x00000000dec80000, 0x0000000100000000)
  eden space 117760K, 100% used [0x00000000d5d00000,0x00000000dd000000,0x00000000dd000000)
  from space 4608K, 90% used [0x00000000de800000,0x00000000dec0e948,0x00000000dec80000)
  to   space 9216K, 0% used [0x00000000dda80000,0x00000000dda80000,0x00000000de380000)
 ParOldGen       total 49664K, used 7296K [0x0000000081600000, 0x0000000084680000, 0x00000000d5d00000)
  object space 49664K, 14% used [0x0000000081600000,0x0000000081d202c0,0x0000000084680000)
 Metaspace       used 26542K, capacity 27284K, committed 27392K, reserved 1073152K
  class space    used 3337K, capacity 3540K, committed 3584K, reserved 1048576K
Event: 2.411 GC heap after
Heap after GC invocations=8 (full 1):
 PSYoungGen      total 137728K, used 6918K [0x00000000d5d00000, 0x00000000e3680000, 0x0000000100000000)
  eden space 128512K, 0% used [0x00000000d5d00000,0x00000000d5d00000,0x00000000dda80000)
  from space 9216K, 75% used [0x00000000dda80000,0x00000000de141848,0x00000000de380000)
  to   space 9216K, 0% used [0x00000000e2d80000,0x00000000e2d80000,0x00000000e3680000)
 ParOldGen       total 49664K, used 7304K [0x0000000081600000, 0x0000000084680000, 0x00000000d5d00000)
  object space 49664K, 14% used [0x0000000081600000,0x0000000081d222c0,0x0000000084680000)
 Metaspace       used 26542K, capacity 27284K, committed 27392K, reserved 1073152K
  class space    used 3337K, capacity 3540K, committed 3584K, reserved 1048576K
}

Deoptimization events (10 events):
Event: 1.376 Thread 0x0000000002d6b000 Uncommon trap: reason=class_check action=maybe_recompile pc=0x00000000032629d4 method=java.lang.String.equals(Ljava/lang/Object;)Z @ 8
Event: 1.376 Thread 0x0000000002d6b000 Uncommon trap: reason=class_check action=maybe_recompile pc=0x00000000032629d4 method=java.lang.String.equals(Ljava/lang/Object;)Z @ 8
Event: 1.376 Thread 0x0000000002d6b000 Uncommon trap: reason=class_check action=maybe_recompile pc=0x00000000032629d4 method=java.lang.String.equals(Ljava/lang/Object;)Z @ 8
Event: 1.509 Thread 0x0000000002d6b000 Uncommon trap: reason=unstable_if action=reinterpret pc=0x00000000034d0ab8 method=java.io.WinNTFileSystem.normalize(Ljava/lang/String;)Ljava/lang/String; @ 128
Event: 1.645 Thread 0x000000001ac19800 Uncommon trap: reason=unstable_if action=reinterpret pc=0x00000000034331a8 method=jdk.internal.org.objectweb.asm.Type.getArgumentsAndReturnSizes(Ljava/lang/String;)I @ 47
Event: 1.659 Thread 0x0000000002d6b000 Uncommon trap: reason=unstable_if action=reinterpret pc=0x0000000003534144 method=org.springframework.asm.ClassReader.readUtf(II[C)Ljava/lang/String; @ 41
Event: 2.080 Thread 0x0000000002d6b000 Uncommon trap: reason=unstable_if action=reinterpret pc=0x000000000350c5ac method=java.util.concurrent.ConcurrentHashMap.addCount(JI)V @ 34
Event: 2.083 Thread 0x000000001ac19800 Uncommon trap: reason=unstable_if action=reinterpret pc=0x000000000366bc5c method=java.util.concurrent.ConcurrentHashMap.addCount(JI)V @ 7
Event: 2.497 Thread 0x000000001ac19800 Uncommon trap: reason=unstable_if action=reinterpret pc=0x000000000376d248 method=kotlin.reflect.jvm.internal.impl.protobuf.CodedInputStream.readRawVarint32()I @ 10
Event: 2.664 Thread 0x0000000002d6b000 Uncommon trap: reason=unloaded action=reinterpret pc=0x0000000003755770 method=org.springframework.boot.context.properties.source.SpringConfigurationPropertySource.find(Lorg/springframework/boot/context/properties/source/PropertyMapping;)Lorg/springframew

Classes redefined (0 events):
No events

Internal exceptions (10 events):
Event: 1.481 Thread 0x0000000002d6b000 Exception <a 'java/lang/ClassNotFoundException': org/springframework/beans/factory/AwareCustomizer> (0x00000000d6feae40) thrown at [C:\re\workspace\8-2-build-windows-amd64-cygwin\jdk8u181\11358\hotspot\src\share\vm\classfile\systemDictionary.cpp, line 210
Event: 1.482 Thread 0x0000000002d6b000 Exception <a 'java/lang/ClassNotFoundException': org/springframework/beans/factory/BeanClassLoaderAwareCustomizer> (0x00000000d700f590) thrown at [C:\re\workspace\8-2-build-windows-amd64-cygwin\jdk8u181\11358\hotspot\src\share\vm\classfile\systemDictionar
Event: 1.482 Thread 0x0000000002d6b000 Exception <a 'java/lang/ClassNotFoundException': org/springframework/beans/factory/AwareCustomizer> (0x00000000d702e308) thrown at [C:\re\workspace\8-2-build-windows-amd64-cygwin\jdk8u181\11358\hotspot\src\share\vm\classfile\systemDictionary.cpp, line 210
Event: 1.482 Thread 0x0000000002d6b000 Exception <a 'java/lang/ClassNotFoundException': org/springframework/context/EnvironmentAwareCustomizer> (0x00000000d704e198) thrown at [C:\re\workspace\8-2-build-windows-amd64-cygwin\jdk8u181\11358\hotspot\src\share\vm\classfile\systemDictionary.cpp, lin
Event: 1.483 Thread 0x0000000002d6b000 Exception <a 'java/lang/ClassNotFoundException': org/springframework/beans/factory/AwareCustomizer> (0x00000000d706ce38) thrown at [C:\re\workspace\8-2-build-windows-amd64-cygwin\jdk8u181\11358\hotspot\src\share\vm\classfile\systemDictionary.cpp, line 210
Event: 1.510 Thread 0x0000000002d6b000 Exception <a 'java/lang/NoSuchMethodError': java.lang.Object.lambda$comparing$77a9974f$1(Ljava/util/function/Function;Ljava/lang/Object;Ljava/lang/Object;)I> (0x00000000d7509848) thrown at [C:\re\workspace\8-2-build-windows-amd64-cygwin\jdk8u181\11358\hot
Event: 1.649 Thread 0x000000001ac19800 Exception <a 'java/lang/IncompatibleClassChangeError': Found class java.lang.Object, but interface was expected> (0x00000000d5f276b8) thrown at [C:\re\workspace\8-2-build-windows-amd64-cygwin\jdk8u181\11358\hotspot\src\share\vm\interpreter\linkResolver.cp
Event: 1.979 Thread 0x0000000002d6b000 Exception <a 'java/lang/IncompatibleClassChangeError': Found class java.lang.Object, but interface was expected> (0x00000000d9934ce8) thrown at [C:\re\workspace\8-2-build-windows-amd64-cygwin\jdk8u181\11358\hotspot\src\share\vm\interpreter\linkResolver.cp
Event: 2.028 Thread 0x0000000002d6b000 Exception <a 'java/lang/NoSuchMethodError': java.lang.Object.lambda$getAllAnnotationAttributes$0(Lorg/springframework/util/MultiValueMap;)Lorg/springframework/util/MultiValueMap;> (0x00000000da2a53d0) thrown at [C:\re\workspace\8-2-build-windows-amd64-cyg
Event: 2.029 Thread 0x0000000002d6b000 Exception <a 'java/lang/NoSuchMethodError': java.lang.Object.lambda$identity$2(Ljava/lang/Object;)Ljava/lang/Object;> (0x00000000da2b9cd0) thrown at [C:\re\workspace\8-2-build-windows-amd64-cygwin\jdk8u181\11358\hotspot\src\share\vm\interpreter\linkResolv

Events (10 events):
Event: 2.667 loading class org/springframework/boot/actuate/autoconfigure/web/server/EnableManagementContext
Event: 2.667 loading class org/springframework/boot/actuate/autoconfigure/web/server/EnableManagementContext done
Event: 2.668 loading class org/springframework/boot/actuate/autoconfigure/web/ManagementContextType
Event: 2.668 loading class org/springframework/boot/actuate/autoconfigure/web/ManagementContextType done
Event: 2.668 loading class org/springframework/boot/actuate/autoconfigure/web/server/ManagementContextConfigurationImportSelector
Event: 2.668 loading class org/springframework/boot/actuate/autoconfigure/web/server/ManagementContextConfigurationImportSelector done
Event: 2.671 loading class org/springframework/context/annotation/ConfigurationClassParser$DefaultDeferredImportSelectorGroup
Event: 2.671 loading class org/springframework/context/annotation/ConfigurationClassParser$DefaultDeferredImportSelectorGroup done
Event: 2.671 loading class org/springframework/boot/actuate/autoconfigure/web/ManagementContextConfiguration
Event: 2.671 loading class org/springframework/boot/actuate/autoconfigure/web/ManagementContextConfiguration done


Dynamic libraries:
0x00007ff77e030000 - 0x00007ff77e067000 	C:\Program Files\Java\jdk1.8.0_181\bin\java.exe
0x00007ffadbaa0000 - 0x00007ffadbc90000 	C:\WINDOWS\SYSTEM32\ntdll.dll
0x00007ffadb890000 - 0x00007ffadb942000 	C:\WINDOWS\System32\KERNEL32.DLL
0x00007ffad97d0000 - 0x00007ffad9a73000 	C:\WINDOWS\System32\KERNELBASE.dll
0x00007ffad9b50000 - 0x00007ffad9bf3000 	C:\WINDOWS\System32\ADVAPI32.dll
0x00007ffad9e60000 - 0x00007ffad9efe000 	C:\WINDOWS\System32\msvcrt.dll
0x00007ffad9c10000 - 0x00007ffad9ca7000 	C:\WINDOWS\System32\sechost.dll
0x00007ffad9fd0000 - 0x00007ffada0f0000 	C:\WINDOWS\System32\RPCRT4.dll
0x00007ffada7e0000 - 0x00007ffada974000 	C:\WINDOWS\System32\USER32.dll
0x00007ffad97a0000 - 0x00007ffad97c1000 	C:\WINDOWS\System32\win32u.dll
0x00007ffadb9b0000 - 0x00007ffadb9d6000 	C:\WINDOWS\System32\GDI32.dll
0x00007ffad8b30000 - 0x00007ffad8cc4000 	C:\WINDOWS\System32\gdi32full.dll
0x00007ffad8ed0000 - 0x00007ffad8f6e000 	C:\WINDOWS\System32\msvcp_win.dll
0x00007ffad8a30000 - 0x00007ffad8b2a000 	C:\WINDOWS\System32\ucrtbase.dll
0x00007ffacd780000 - 0x00007ffacda05000 	C:\WINDOWS\WinSxS\amd64_microsoft.windows.common-controls_6595b64144ccf1df_6.0.18362.657_none_e6c5b579130e3898\COMCTL32.dll
0x00007ffadb440000 - 0x00007ffadb776000 	C:\WINDOWS\System32\combase.dll
0x00007ffad9ad0000 - 0x00007ffad9b50000 	C:\WINDOWS\System32\bcryptPrimitives.dll
0x00007ffada7b0000 - 0x00007ffada7de000 	C:\WINDOWS\System32\IMM32.DLL
0x0000000052c70000 - 0x0000000052d42000 	C:\Program Files\Java\jdk1.8.0_181\jre\bin\msvcr100.dll
0x00000000523c0000 - 0x0000000052c62000 	C:\Program Files\Java\jdk1.8.0_181\jre\bin\server\jvm.dll
0x00007ffad9c00000 - 0x00007ffad9c08000 	C:\WINDOWS\System32\PSAPI.DLL
0x00007ffacf8a0000 - 0x00007ffacf8c4000 	C:\WINDOWS\SYSTEM32\WINMM.dll
0x00007ffad6970000 - 0x00007ffad697a000 	C:\WINDOWS\SYSTEM32\VERSION.dll
0x00007ffac2b60000 - 0x00007ffac2b69000 	C:\WINDOWS\SYSTEM32\WSOCK32.dll
0x00007ffadb3d0000 - 0x00007ffadb43f000 	C:\WINDOWS\System32\WS2_32.dll
0x00007ffacf660000 - 0x00007ffacf68d000 	C:\WINDOWS\SYSTEM32\winmmbase.dll
0x00007ffad8d30000 - 0x00007ffad8d7a000 	C:\WINDOWS\System32\cfgmgr32.dll
0x00000000523b0000 - 0x00000000523bf000 	C:\Program Files\Java\jdk1.8.0_181\jre\bin\verify.dll
0x0000000052380000 - 0x00000000523a9000 	C:\Program Files\Java\jdk1.8.0_181\jre\bin\java.dll
0x00000000522e0000 - 0x0000000052303000 	C:\Program Files\Java\jdk1.8.0_181\jre\bin\instrument.dll
0x0000000052360000 - 0x0000000052376000 	C:\Program Files\Java\jdk1.8.0_181\jre\bin\zip.dll
0x00007ffadaa60000 - 0x00007ffadb145000 	C:\WINDOWS\System32\SHELL32.dll
0x00007ffadb780000 - 0x00007ffadb829000 	C:\WINDOWS\System32\shcore.dll
0x00007ffad9020000 - 0x00007ffad979f000 	C:\WINDOWS\System32\windows.storage.dll
0x00007ffad89a0000 - 0x00007ffad89bf000 	C:\WINDOWS\System32\profapi.dll
0x00007ffad89e0000 - 0x00007ffad8a2a000 	C:\WINDOWS\System32\powrprof.dll
0x00007ffad8970000 - 0x00007ffad8980000 	C:\WINDOWS\System32\UMPDC.dll
0x00007ffadaa00000 - 0x00007ffadaa52000 	C:\WINDOWS\System32\shlwapi.dll
0x00007ffad8980000 - 0x00007ffad8991000 	C:\WINDOWS\System32\kernel.appcore.dll
0x00007ffad9a80000 - 0x00007ffad9a97000 	C:\WINDOWS\System32\cryptsp.dll
0x00007ffad2a00000 - 0x00007ffad2a1a000 	C:\Program Files\JetBrains\IntelliJ IDEA Community Edition 2019.2.4\bin\breakgen64.dll
0x0000000052340000 - 0x000000005235a000 	C:\Program Files\Java\jdk1.8.0_181\jre\bin\net.dll
0x00007ffad81e0000 - 0x00007ffad8247000 	C:\WINDOWS\system32\mswsock.dll
0x0000000052310000 - 0x000000005231d000 	C:\Program Files\Java\jdk1.8.0_181\jre\bin\management.dll
0x00007ffaba320000 - 0x00007ffaba336000 	C:\WINDOWS\system32\napinsp.dll
0x00007ffab8740000 - 0x00007ffab875a000 	C:\WINDOWS\system32\pnrpnsp.dll
0x00007ffad4370000 - 0x00007ffad4385000 	C:\WINDOWS\system32\wshbth.dll
0x00007ffad4e70000 - 0x00007ffad4e8c000 	C:\WINDOWS\system32\NLAapi.dll
0x00007ffad7ef0000 - 0x00007ffad7f2a000 	C:\WINDOWS\SYSTEM32\IPHLPAPI.DLL
0x00007ffad7f30000 - 0x00007ffad7ffa000 	C:\WINDOWS\SYSTEM32\DNSAPI.dll
0x00007ffada1c0000 - 0x00007ffada1c8000 	C:\WINDOWS\System32\NSI.dll
0x00007ffad26f0000 - 0x00007ffad26fe000 	C:\WINDOWS\System32\winrnr.dll
0x00007fface770000 - 0x00007fface77a000 	C:\Windows\System32\rasadhlp.dll
0x00007ffad0940000 - 0x00007ffad09b7000 	C:\WINDOWS\System32\fwpuclnt.dll
0x00007ffad9aa0000 - 0x00007ffad9ac6000 	C:\WINDOWS\System32\bcrypt.dll
0x0000000052320000 - 0x0000000052331000 	C:\Program Files\Java\jdk1.8.0_181\jre\bin\nio.dll

VM Arguments:
jvm_args: -javaagent:C:\Program Files\JetBrains\IntelliJ IDEA Community Edition 2019.2.4\lib\idea_rt.jar=57800:C:\Program Files\JetBrains\IntelliJ IDEA Community Edition 2019.2.4\bin -Dfile.encoding=UTF-8 
java_command: com.honor.back.honorwebapp.HonorwebappApplication
java_class_path (initial): C:\Program Files\Java\jdk1.8.0_181\jre\lib\charsets.jar;C:\Program Files\Java\jdk1.8.0_181\jre\lib\deploy.jar;C:\Program Files\Java\jdk1.8.0_181\jre\lib\ext\access-bridge-64.jar;C:\Program Files\Java\jdk1.8.0_181\jre\lib\ext\cldrdata.jar;C:\Program Files\Java\jdk1.8.0_181\jre\lib\ext\dnsns.jar;C:\Program Files\Java\jdk1.8.0_181\jre\lib\ext\jaccess.jar;C:\Program Files\Java\jdk1.8.0_181\jre\lib\ext\jfxrt.jar;C:\Program Files\Java\jdk1.8.0_181\jre\lib\ext\localedata.jar;C:\Program Files\Java\jdk1.8.0_181\jre\lib\ext\nashorn.jar;C:\Program Files\Java\jdk1.8.0_181\jre\lib\ext\sunec.jar;C:\Program Files\Java\jdk1.8.0_181\jre\lib\ext\sunjce_provider.jar;C:\Program Files\Java\jdk1.8.0_181\jre\lib\ext\sunmscapi.jar;C:\Program Files\Java\jdk1.8.0_181\jre\lib\ext\sunpkcs11.jar;C:\Program Files\Java\jdk1.8.0_181\jre\lib\ext\zipfs.jar;C:\Program Files\Java\jdk1.8.0_181\jre\lib\javaws.jar;C:\Program Files\Java\jdk1.8.0_181\jre\lib\jce.jar;C:\Program Files\Java\jdk1.8.0_181\jre\lib\jfr.jar;C:\Program Files\Java\jdk1.8.0_181\jre\lib\jfxswt.jar;C:\Program Files\Java\jdk1.8.0_181\jre\lib\jsse.jar;C:\Program Files\Java\jdk1.8.0_181\jre\lib\management-agent.jar;C:\Program Files\Java\jdk1.8.0_181\jre\lib\plugin.jar;C:\Program Files\Java\jdk1.8.0_181\jre\lib\resources.jar;C:\Program Files\Java\jdk1.8.0_181\jre\lib\rt.jar;C:\Users\nikkr\Desktop\Java Projects\honor-backend\target\classes;C:\Users\nikkr\.m2\repository\org\springframework\boot\spring-boot-starter-web\2.2.1.RELEASE\spring-boot-starter-web-2.2.1.RELEASE.jar;C:\Users\nikkr\.m2\repository\org\springframework\boot\spring-boot-starter\2.2.1.RELEASE\spring-boot-starter-2.2.1.RELEASE.jar;C:\Users\nikkr\.m2\repository\org\springframework\boot\spring-boot\2.2.1.RELEASE\spring-boot-2.2.1.RELEASE.jar;C:\Users\nikkr\.m2\repository\org\springframework\boot\spring-boot-autoconfigure\2.2.1.RELEASE\spring-boot-autoconfigure-2.2.1.RELEASE.jar;C:\Users\nikkr\.m2\repository\org\springframework\boot\spring-boot-star
Launcher Type: SUN_STANDARD

Environment Variables:
JAVA_HOME=C:\Program Files\Java\jdk1.8.0_181
PATH=C:\Program Files (x86)\Embarcadero\Studio\20.0\bin;C:\Users\Public\Documents\Embarcadero\Studio\20.0\Bpl;C:\Program Files (x86)\Embarcadero\Studio\20.0\bin64;C:\Users\Public\Documents\Embarcadero\Studio\20.0\Bpl\Win64;C:\Program Files (x86)\Common Files\Oracle\Java\javapath;C:\WINDOWS\system32;C:\WINDOWS;C:\WINDOWS\System32\Wbem;C:\WINDOWS\System32\WindowsPowerShell\v1.0\;C:\WINDOWS\System32\OpenSSH\;C:\Program Files (x86)\NVIDIA Corporation\PhysX\Common;C:\Program Files\nodejs\;C:\Program Files\Git\cmd;C:\Program Files\Java\jdk1.8.0_181\bin;C:\Program Files\Maven\apache-maven-3.6.2\bin;C:\Program Files (x86)\Windows Kits\10\Windows Performance Toolkit\;C:\Users\nikkr\AppData\Local\Microsoft\WindowsApps;C:\Users\nikkr\AppData\Roaming\npm;C:\Users\nikkr\AppData\Local\Programs\Microsoft VS Code\bin;C:\Program Files\JetBrains\IntelliJ IDEA Community Edition 2019.2.4\bin;;C:\Program Files\JetBrains\DataGrip 2019.3\bin;
USERNAME=nikkr
OS=Windows_NT
PROCESSOR_IDENTIFIER=Intel64 Family 6 Model 142 Stepping 10, GenuineIntel



---------------  S Y S T E M  ---------------

OS: Windows 10.0 , 64 bit Build 18362 (10.0.18362.329)

CPU:total 8 (initial active 8) (4 cores per cpu, 2 threads per core) family 6 model 142 stepping 10, cmov, cx8, fxsr, mmx, sse, sse2, sse3, ssse3, sse4.1, sse4.2, popcnt, avx, avx2, aes, clmul, erms, 3dnowpref, lzcnt, ht, tsc, tscinvbit, bmi1, bmi2, adx

Memory: 4k page, physical 8295652k(523588k free), swap 33461476k(5144k free)

vm_info: Java HotSpot(TM) 64-Bit Server VM (25.181-b13) for windows-amd64 JRE (1.8.0_181-b13), built on Jul  7 2018 04:01:33 by "java_re" with MS VC++ 10.0 (VS2010)

time: Mon Mar 09 18:08:02 2020
elapsed time: 2 seconds (0d 0h 0m 2s)

